<?xml version="1.0" encoding="UTF-8"?>
<testsuite name="ac.grim.grimac.manager.datastore.V2InstanceRegistryTest" tests="3" skipped="0" failures="0" errors="0" timestamp="2026-09-25T17:17:34.846Z" hostname="5.local" time="0.052">
  <properties/>
  <testcase name="gracefulShutdownClosesEveryOpenSessionAtTheShutdownTime()" classname="ac.grim.grimac.manager.datastore.V2InstanceRegistryTest" time="0.022"/>
  <testcase name="liveAndOwnStartupsAreLeftAlone()" classname="ac.grim.grimac.manager.datastore.V2InstanceRegistryTest" time="0.003"/>
  <testcase name="deadStartupIsRepairedWithOneSessionUpdateAndOneStartupWrite()" classname="ac.grim.grimac.manager.datastore.V2InstanceRegistryTest" time="0.026"/>
  <system-out><![CDATA[]]></system-out>
  <system-err><![CDATA[Sept. 25, 2026 7:17:34 PM ac.grim.grimac.manager.datastore.V2InstanceRegistry recoverStartup
WARNUNG: [grim-datastore] recovered startupId=1318dc88-597b-45da-a591-eb5a18b339d9 serverName='test' and closed 2 open session(s).
]]></system-err>
</testsuite>
